Arguments: 
  C:\Program Files\nodejs\node.exe C:\Program Files (x86)\Yarn\bin\yarn.js

PATH: 
  C:\Users\Tawan\bin;C:\Program Files\Git\mingw64\bin;C:\Program Files\Git\usr\local\bin;C:\Program Files\Git\usr\bin;C:\Program Files\Git\usr\bin;C:\Program Files\Git\mingw64\bin;C:\Program Files\Git\usr\bin;C:\Users\Tawan\bin;C:\Program Files (x86)\Common Files\Oracle\Java\javapath;C:\Windows\system32;C:\Windows;C:\Windows\System32\Wbem;C:\Windows\System32\WindowsPowerShell\v1.0;C:\Windows\System32\OpenSSH;C:\Program Files\Git\cmd;C:\Program Files\nodejs;C:\Program Files (x86)\Yarn\bin;C:\Users\Tawan\AppData\Local\Programs\Python\Python311\Scripts;C:\Users\Tawan\AppData\Local\Programs\Python\Python311;C:\Users\Tawan\AppData\Local\Microsoft\WindowsApps;C:\Users\Tawan\AppData\Local\Programs\Microsoft VS Code\bin;C:\Users\Tawan\AppData\Roaming\npm;C:\Users\Tawan\AppData\Local\Yarn\bin;C:\Program Files\PostgreSQL\15\bin;C:\Program Files\Git\usr\bin\vendor_perl;C:\Program Files\Git\usr\bin\core_perl

Yarn version: 
  1.22.19

Node version: 
  18.13.0

Platform: 
  win32 x64

Trace: 
  Error: getaddrinfo ENOTFOUND registry.yarnpkg.com
      at GetAddrInfoReqWrap.onlookup [as oncomplete] (node:dns:107:26)

npm manifest: 
  {
    "name": "backend",
    "version": "1.0.0",
    "main": "index.js",
    "license": "MIT",
    "scripts": {
      "dev": "ts-node-dev --ignore-watch node_modules --cls --rs src/server.ts",
      "typeorm": "typeorm-ts-node-commonjs"
    },
    "dependencies": {
      "@types/nodemailer": "^6.4.7",
      "bcrypt": "^5.1.0",
      "class-transformer": "^0.5.1",
      "cors": "^2.8.5",
      "dotenv": "^16.0.3",
      "express": "^4.18.2",
      "express-async-errors": "3.1.1",
      "jsonwebtoken": "8.5.1",
      "mailgen": "^2.0.27",
      "node-fetch": "2",
      "nodemailer": "^6.9.1",
      "pg": "^8.10.0",
      "reflect-metadata": "^0.1.13",
      "sqlite3": "^5.1.6",
      "swagger-ui-express": "^4.6.2",
      "typeorm": "0.3.10",
      "uuid": "^9.0.0",
      "yup": "0.32.11"
    },
    "devDependencies": {
      "@types/bcrypt": "^5.0.0",
      "@types/cors": "^2.8.13",
      "@types/express": "^4.17.17",
      "@types/jsonwebtoken": "^9.0.1",
      "@types/node": "^18.15.11",
      "@types/node-fetch": "^2.6.3",
      "@types/pg": "^8.6.6",
      "@types/swagger-ui-express": "^4.1.3",
      "ts-node-dev": "^2.0.0",
      "typescript": "^5.0.2"
    }
  }

yarn manifest: 
  No manifest

Lockfile: 
  No lockfile
